# configure exec: ./configure --prefix=/Users/carlosramos/workspace/tfm/node_modules/node-rdkafka/build/deps --libdir=/Users/carlosramos/workspace/tfm/node_modules/node-rdkafka/build/deps --prefix=/Users/carlosramos/workspace/tfm/node_modules/node-rdkafka/build/deps --libdir=/Users/carlosramos/workspace/tfm/node_modules/node-rdkafka/build/deps
# On lunes, 20 de mayo de 2019, 20:47:52 CEST
DBG: ccenv: WITH_CC:  --version failed: mklove/modules/configure.base: line 1183: --version: command not found
DBG: Check ccenv (WITH_CC, action cont (originally cont)) failed: command ' --version' failed:
mklove/modules/configure.base: line 1183: --version: command not found
DBG: cxxenv: WITH_CXX:  --version failed: mklove/modules/configure.base: line 1183: --version: command not found
DBG: Check cxxenv (WITH_CXX, action cont (originally cont)) failed: command ' --version' failed:
mklove/modules/configure.base: line 1183: --version: command not found
DBG: Compile check cc_g_dwarf (): gcc   -Wall -Werror _mkltmpeH3rNx.c -o _mkltmpeH3rNx.c.o  -L/Users/carlosramos/workspace/tfm/node_modules/node-rdkafka/build/deps -gstrict-dwarf
DBG: pkgconfig: WITH_PKGCONFIG: pkg-config --version failed: mklove/modules/configure.base: line 1183: pkg-config: command not found
DBG: Check pkgconfig (WITH_PKGCONFIG, action cont (originally cont)) failed: command 'pkg-config --version' failed:
mklove/modules/configure.base: line 1183: pkg-config: command not found
DBG: install: WITH_INSTALL: install --version failed: install: illegal option -- -
usage: install [-bCcpSsv] [-B suffix] [-f flags] [-g group] [-m mode]
               [-o owner] file1 file2
       install [-bCcpSsv] [-B suffix] [-f flags] [-g group] [-m mode]
               [-o owner] file1 ... fileN directory
       install -d [-v] [-g group] [-m mode] [-o owner] directory ...
DBG: Check install (WITH_INSTALL, action cont (originally cont)) failed: command 'install --version' failed:
install: illegal option -- -
usage: install [-bCcpSsv] [-B suffix] [-f flags] [-g group] [-m mode]
               [-o owner] file1 file2
       install [-bCcpSsv] [-B suffix] [-f flags] [-g group] [-m mode]
               [-o owner] file1 ... fileN directory
       install -d [-v] [-g group] [-m mode] [-o owner] directory ...
DBG: Compile check PIC (HAVE_PIC): gcc  -gstrict-dwarf -O2 -Wall -Werror _mkltmpG8VIfu.c -o _mkltmpG8VIfu.c.o  -L/Users/carlosramos/workspace/tfm/node_modules/node-rdkafka/build/deps -fPIC
DBG: Compile check gnulib (WITH_GNULD): gcc  -gstrict-dwarf -O2 -fPIC -Wall -Werror _mkltmpXUE7ve.c -o _mkltmpXUE7ve.c.o  -L/Users/carlosramos/workspace/tfm/node_modules/node-rdkafka/build/deps -shared -Wl,-soname,mkltest.0
DBG: compile check for gnulib (WITH_GNULD) failed: gcc  -gstrict-dwarf -O2 -fPIC -Wall -Werror _mkltmpXUE7ve.c -o _mkltmpXUE7ve.c.o  -L/Users/carlosramos/workspace/tfm/node_modules/node-rdkafka/build/deps -shared -Wl,-soname,mkltest.0: ld: unknown option: -soname
clang: error: linker command failed with exit code 1 (use -v to see invocation)
DBG: Check gnulib (WITH_GNULD, action cont (originally cont)) failed: compile check failed:
CC: CC
flags: -shared -Wl,-soname,mkltest.0
gcc  -gstrict-dwarf -O2 -fPIC -Wall -Werror _mkltmpXUE7ve.c -o _mkltmpXUE7ve.c.o  -L/Users/carlosramos/workspace/tfm/node_modules/node-rdkafka/build/deps -shared -Wl,-soname,mkltest.0:
ld: unknown option: -soname
clang: error: linker command failed with exit code 1 (use -v to see invocation)
source: 
DBG: Compile check osxlib (WITH_OSXLD): gcc  -gstrict-dwarf -O2 -fPIC -Wall -Werror _mkltmpuIvGFB.c -o _mkltmpuIvGFB.c.o  -L/Users/carlosramos/workspace/tfm/node_modules/node-rdkafka/build/deps -dynamiclib -Wl,-install_name,/tmp/mkltest.so.0
DBG: Compile check ldsflagvs (): gcc  -gstrict-dwarf -O2 -fPIC -Wall -Werror _mkltmpPI9vTt.c -o _mkltmpPI9vTt.c.o  -L/Users/carlosramos/workspace/tfm/node_modules/node-rdkafka/build/deps -shared -Wl,--version-script=_mkltmp2AluXG
DBG: compile check for ldsflagvs () failed: gcc  -gstrict-dwarf -O2 -fPIC -Wall -Werror _mkltmpPI9vTt.c -o _mkltmpPI9vTt.c.o  -L/Users/carlosramos/workspace/tfm/node_modules/node-rdkafka/build/deps -shared -Wl,--version-script=_mkltmp2AluXG: ld: unknown option: --version-script=_mkltmp2AluXG
clang: error: linker command failed with exit code 1 (use -v to see invocation)
DBG: Check ldsflagvs (, action cont (originally cont)) failed: compile check failed:
CC: CC
flags: -shared -Wl,--version-script=_mkltmp2AluXG
gcc  -gstrict-dwarf -O2 -fPIC -Wall -Werror _mkltmpPI9vTt.c -o _mkltmpPI9vTt.c.o  -L/Users/carlosramos/workspace/tfm/node_modules/node-rdkafka/build/deps -shared -Wl,--version-script=_mkltmp2AluXG:
ld: unknown option: --version-script=_mkltmp2AluXG
clang: error: linker command failed with exit code 1 (use -v to see invocation)
source: 
DBG: Compile check ldsflagm (): gcc  -gstrict-dwarf -O2 -fPIC -Wall -Werror _mkltmpnlNiQr.c -o _mkltmpnlNiQr.c.o  -L/Users/carlosramos/workspace/tfm/node_modules/node-rdkafka/build/deps -shared -Wl,-M_mkltmp2AluXG
DBG: compile check for ldsflagm () failed: gcc  -gstrict-dwarf -O2 -fPIC -Wall -Werror _mkltmpnlNiQr.c -o _mkltmpnlNiQr.c.o  -L/Users/carlosramos/workspace/tfm/node_modules/node-rdkafka/build/deps -shared -Wl,-M_mkltmp2AluXG: ld: unknown option: -M_mkltmp2AluXG
clang: error: linker command failed with exit code 1 (use -v to see invocation)
DBG: Check ldsflagm (, action ignore (originally ignore)) failed: compile check failed:
CC: CC
flags: -shared -Wl,-M_mkltmp2AluXG
gcc  -gstrict-dwarf -O2 -fPIC -Wall -Werror _mkltmpnlNiQr.c -o _mkltmpnlNiQr.c.o  -L/Users/carlosramos/workspace/tfm/node_modules/node-rdkafka/build/deps -shared -Wl,-M_mkltmp2AluXG:
ld: unknown option: -M_mkltmp2AluXG
clang: error: linker command failed with exit code 1 (use -v to see invocation)
source: 
DBG: Compile check __atomic_32 (HAVE_ATOMICS_32): gcc  -gstrict-dwarf -O2 -fPIC -Wall -Werror _mkltmprETInC.c -o _mkltmprETInC.c.o  -L/Users/carlosramos/workspace/tfm/node_modules/node-rdkafka/build/deps 
DBG: Compile check __atomic_64 (HAVE_ATOMICS_64): gcc  -gstrict-dwarf -O2 -fPIC -Wall -Werror _mkltmpSUjm7Z.c -o _mkltmpSUjm7Z.c.o  -L/Users/carlosramos/workspace/tfm/node_modules/node-rdkafka/build/deps 
DBG: Compile check socket (): gcc  -gstrict-dwarf -O2 -fPIC -Wall -Wsign-compare -Wfloat-equal -Wpointer-arith -Wcast-align -Wall -Werror _mkltmptIFm5u.c -o _mkltmptIFm5u.c.o  -L/Users/carlosramos/workspace/tfm/node_modules/node-rdkafka/build/deps 
DBG: Compile check librt (): gcc  -gstrict-dwarf -O2 -fPIC -Wall -Wsign-compare -Wfloat-equal -Wpointer-arith -Wcast-align -Wall -Werror _mkltmpKEKF8p.c -o _mkltmpKEKF8p.c.o  -L/Users/carlosramos/workspace/tfm/node_modules/node-rdkafka/build/deps -lrt
DBG: compile check for librt () failed: gcc  -gstrict-dwarf -O2 -fPIC -Wall -Wsign-compare -Wfloat-equal -Wpointer-arith -Wcast-align -Wall -Werror _mkltmpKEKF8p.c -o _mkltmpKEKF8p.c.o  -L/Users/carlosramos/workspace/tfm/node_modules/node-rdkafka/build/deps -lrt: ld: library not found for -lrt
clang: error: linker command failed with exit code 1 (use -v to see invocation)
DBG: Check librt (, action cont (originally cont)) failed: compile check failed:
CC: CC
flags: -lrt
gcc  -gstrict-dwarf -O2 -fPIC -Wall -Wsign-compare -Wfloat-equal -Wpointer-arith -Wcast-align -Wall -Werror _mkltmpKEKF8p.c -o _mkltmpKEKF8p.c.o  -L/Users/carlosramos/workspace/tfm/node_modules/node-rdkafka/build/deps -lrt:
ld: library not found for -lrt
clang: error: linker command failed with exit code 1 (use -v to see invocation)
source: 
DBG: Compile check libpthread (): gcc  -gstrict-dwarf -O2 -fPIC -Wall -Wsign-compare -Wfloat-equal -Wpointer-arith -Wcast-align -Wall -Werror _mkltmp80oNoP.c -o _mkltmp80oNoP.c.o  -L/Users/carlosramos/workspace/tfm/node_modules/node-rdkafka/build/deps -lpthread
DBG: Compile check libdl (WITH_LIBDL): gcc  -gstrict-dwarf -O2 -fPIC -Wall -Wsign-compare -Wfloat-equal -Wpointer-arith -Wcast-align -Wall -Werror _mkltmpIRC4fG.c -o _mkltmpIRC4fG.c.o  -L/Users/carlosramos/workspace/tfm/node_modules/node-rdkafka/build/deps -ldl
DBG: Compile check zlib (WITH_ZLIB): gcc  -gstrict-dwarf -O2 -fPIC -Wall -Wsign-compare -Wfloat-equal -Wpointer-arith -Wcast-align -Wall -Werror _mkltmpfmtGcr.c -o _mkltmpfmtGcr.c.o  -L/Users/carlosramos/workspace/tfm/node_modules/node-rdkafka/build/deps -lz
DBG: Compile check libcrypto (): gcc  -gstrict-dwarf -O2 -fPIC -Wall -Wsign-compare -Wfloat-equal -Wpointer-arith -Wcast-align -Wall -Werror _mkltmpeTRiUa.c -o _mkltmpeTRiUa.c.o  -L/Users/carlosramos/workspace/tfm/node_modules/node-rdkafka/build/deps -lcrypto
DBG: compile check for libcrypto () failed: gcc  -gstrict-dwarf -O2 -fPIC -Wall -Wsign-compare -Wfloat-equal -Wpointer-arith -Wcast-align -Wall -Werror _mkltmpeTRiUa.c -o _mkltmpeTRiUa.c.o  -L/Users/carlosramos/workspace/tfm/node_modules/node-rdkafka/build/deps -lcrypto: ld: library not found for -lcrypto
clang: error: linker command failed with exit code 1 (use -v to see invocation)
DBG: Check libcrypto (, action disable (originally disable)) failed: compile check failed:
CC: CC
flags: -lcrypto
gcc  -gstrict-dwarf -O2 -fPIC -Wall -Wsign-compare -Wfloat-equal -Wpointer-arith -Wcast-align -Wall -Werror _mkltmpeTRiUa.c -o _mkltmpeTRiUa.c.o  -L/Users/carlosramos/workspace/tfm/node_modules/node-rdkafka/build/deps -lcrypto:
ld: library not found for -lcrypto
clang: error: linker command failed with exit code 1 (use -v to see invocation)
source: 
DBG: Compile check libm (): gcc  -gstrict-dwarf -O2 -fPIC -Wall -Wsign-compare -Wfloat-equal -Wpointer-arith -Wcast-align -Wall -Werror _mkltmptYn6GL.c -o _mkltmptYn6GL.c.o  -L/Users/carlosramos/workspace/tfm/node_modules/node-rdkafka/build/deps -lm
DBG: Compile check liblz4 (WITH_LZ4_EXT): gcc  -gstrict-dwarf -O2 -fPIC -Wall -Wsign-compare -Wfloat-equal -Wpointer-arith -Wcast-align -Wall -Werror _mkltmpif6uxm.c -o _mkltmpif6uxm.c.o  -L/Users/carlosramos/workspace/tfm/node_modules/node-rdkafka/build/deps -llz4
DBG: compile check for liblz4 (WITH_LZ4_EXT) failed: gcc  -gstrict-dwarf -O2 -fPIC -Wall -Wsign-compare -Wfloat-equal -Wpointer-arith -Wcast-align -Wall -Werror _mkltmpif6uxm.c -o _mkltmpif6uxm.c.o  -L/Users/carlosramos/workspace/tfm/node_modules/node-rdkafka/build/deps -llz4: _mkltmpif6uxm.c:1:10: fatal error: 'lz4frame.h' file not found
#include <lz4frame.h>
         ^~~~~~~~~~~~
1 error generated.
DBG: Check liblz4 (WITH_LZ4_EXT, action disable (originally disable)) failed: compile check failed:
CC: CC
flags: -llz4
gcc  -gstrict-dwarf -O2 -fPIC -Wall -Wsign-compare -Wfloat-equal -Wpointer-arith -Wcast-align -Wall -Werror _mkltmpif6uxm.c -o _mkltmpif6uxm.c.o  -L/Users/carlosramos/workspace/tfm/node_modules/node-rdkafka/build/deps -llz4:
_mkltmpif6uxm.c:1:10: fatal error: 'lz4frame.h' file not found
#include <lz4frame.h>
         ^~~~~~~~~~~~
1 error generated.
source: #include <lz4frame.h>
DBG: Compile check rapidjson (WITH_RAPIDJSON): g++  -gstrict-dwarf -O2 -fPIC -Wall -Wsign-compare -Wfloat-equal -Wpointer-arith -Wcast-align -Wall -Werror _mkltmp9Q8ZIE.cpp -o _mkltmp9Q8ZIE.cpp.o  -L/Users/carlosramos/workspace/tfm/node_modules/node-rdkafka/build/deps 
DBG: compile check for rapidjson (WITH_RAPIDJSON) failed: g++  -gstrict-dwarf -O2 -fPIC -Wall -Wsign-compare -Wfloat-equal -Wpointer-arith -Wcast-align -Wall -Werror _mkltmp9Q8ZIE.cpp -o _mkltmp9Q8ZIE.cpp.o  -L/Users/carlosramos/workspace/tfm/node_modules/node-rdkafka/build/deps : _mkltmp9Q8ZIE.cpp:1:10: fatal error: 'rapidjson/schema.h' file not found
#include <rapidjson/schema.h>
         ^~~~~~~~~~~~~~~~~~~~
1 error generated.
DBG: Check rapidjson (WITH_RAPIDJSON, action disable (originally disable)) failed: compile check failed:
CC: CXX
flags: 
g++  -gstrict-dwarf -O2 -fPIC -Wall -Wsign-compare -Wfloat-equal -Wpointer-arith -Wcast-align -Wall -Werror _mkltmp9Q8ZIE.cpp -o _mkltmp9Q8ZIE.cpp.o  -L/Users/carlosramos/workspace/tfm/node_modules/node-rdkafka/build/deps :
_mkltmp9Q8ZIE.cpp:1:10: fatal error: 'rapidjson/schema.h' file not found
#include <rapidjson/schema.h>
         ^~~~~~~~~~~~~~~~~~~~
1 error generated.
source: #include <rapidjson/schema.h>
DBG: Compile check libssl (WITH_SSL): gcc  -gstrict-dwarf -O2 -fPIC -Wall -Wsign-compare -Wfloat-equal -Wpointer-arith -Wcast-align -Wall -Werror _mkltmpjr06DY.c -o _mkltmpjr06DY.c.o  -L/Users/carlosramos/workspace/tfm/node_modules/node-rdkafka/build/deps -lssl
DBG: compile check for libssl (WITH_SSL) failed: gcc  -gstrict-dwarf -O2 -fPIC -Wall -Wsign-compare -Wfloat-equal -Wpointer-arith -Wcast-align -Wall -Werror _mkltmpjr06DY.c -o _mkltmpjr06DY.c.o  -L/Users/carlosramos/workspace/tfm/node_modules/node-rdkafka/build/deps -lssl: _mkltmpjr06DY.c:1:10: fatal error: 'openssl/ssl.h' file not found
#include <openssl/ssl.h>
         ^~~~~~~~~~~~~~~
1 error generated.
DBG: Check libssl (WITH_SSL, action disable (originally disable)) failed: compile check failed:
CC: CC
flags: -lssl
gcc  -gstrict-dwarf -O2 -fPIC -Wall -Wsign-compare -Wfloat-equal -Wpointer-arith -Wcast-align -Wall -Werror _mkltmpjr06DY.c -o _mkltmpjr06DY.c.o  -L/Users/carlosramos/workspace/tfm/node_modules/node-rdkafka/build/deps -lssl:
_mkltmpjr06DY.c:1:10: fatal error: 'openssl/ssl.h' file not found
#include <openssl/ssl.h>
         ^~~~~~~~~~~~~~~
1 error generated.
source: #include <openssl/ssl.h>
DBG: Compile check libsasl2 (WITH_SASL_CYRUS): gcc  -gstrict-dwarf -O2 -fPIC -Wall -Wsign-compare -Wfloat-equal -Wpointer-arith -Wcast-align -Wall -Werror _mkltmpPUTKlT.c -o _mkltmpPUTKlT.c.o  -L/Users/carlosramos/workspace/tfm/node_modules/node-rdkafka/build/deps -lsasl2
DBG: Compile check crc32chw (WITH_CRC32C_HW): gcc  -gstrict-dwarf -O2 -fPIC -Wall -Wsign-compare -Wfloat-equal -Wpointer-arith -Wcast-align -Wall -Werror _mkltmpoV6PMz.c -o _mkltmpoV6PMz.c.o  -L/Users/carlosramos/workspace/tfm/node_modules/node-rdkafka/build/deps 
DBG: Compile check regex (HAVE_REGEX): gcc  -gstrict-dwarf -O2 -fPIC -Wall -Wsign-compare -Wfloat-equal -Wpointer-arith -Wcast-align -Wall -Werror _mkltmpUnweOe.c -o _mkltmpUnweOe.c.o  -L/Users/carlosramos/workspace/tfm/node_modules/node-rdkafka/build/deps 
DBG: Compile check strndup (HAVE_STRNDUP): gcc  -gstrict-dwarf -O2 -fPIC -Wall -Wsign-compare -Wfloat-equal -Wpointer-arith -Wcast-align -Wall -Werror _mkltmpcNeZHd.c -o _mkltmpcNeZHd.c.o  -L/Users/carlosramos/workspace/tfm/node_modules/node-rdkafka/build/deps 
DBG: Compile check strerror_r (HAVE_STRERROR_R): gcc  -gstrict-dwarf -O2 -fPIC -Wall -Wsign-compare -Wfloat-equal -Wpointer-arith -Wcast-align -Wall -Werror _mkltmpw7VDOB.c -o _mkltmpw7VDOB.c.o  -L/Users/carlosramos/workspace/tfm/node_modules/node-rdkafka/build/deps 
DBG: Compile check pthread_setname_gnu (HAVE_PTHREAD_SETNAME_GNU): gcc  -gstrict-dwarf -O2 -fPIC -Wall -Wsign-compare -Wfloat-equal -Wpointer-arith -Wcast-align -Wall -Werror _mkltmpwSnKIw.c -o _mkltmpwSnKIw.c.o  -L/Users/carlosramos/workspace/tfm/node_modules/node-rdkafka/build/deps -D_GNU_SOURCE -lpthread
DBG: compile check for pthread_setname_gnu (HAVE_PTHREAD_SETNAME_GNU) failed: gcc  -gstrict-dwarf -O2 -fPIC -Wall -Wsign-compare -Wfloat-equal -Wpointer-arith -Wcast-align -Wall -Werror _mkltmpwSnKIw.c -o _mkltmpwSnKIw.c.o  -L/Users/carlosramos/workspace/tfm/node_modules/node-rdkafka/build/deps -D_GNU_SOURCE -lpthread: _mkltmpwSnKIw.c:5:38: error: too many arguments to function call, expected 1, have 2
  pthread_setname_np(pthread_self(), "abc");
  ~~~~~~~~~~~~~~~~~~                 ^~~~~
/Library/Developer/CommandLineTools/SDKs/MacOSX10.14.sdk/usr/include/pthread.h:512:1: note: 'pthread_setname_np' declared here
__API_AVAILABLE(macos(10.6), ios(3.2))
^
/Library/Developer/CommandLineTools/SDKs/MacOSX10.14.sdk/usr/include/Availability.h:443:144: note: expanded from macro '__API_AVAILABLE'
    #define __API_AVAILABLE(...) __API_AVAILABLE_GET_MACRO(__VA_ARGS__,__API_AVAILABLE6, __API_AVAILABLE5, __API_AVAILABLE4, __API_AVAILABLE3, __API_AVAILABLE2, __API_AVAILABLE1, 0)(__VA_ARGS__)
                                                                                                                                               ^
1 error generated.
DBG: Check pthread_setname_gnu (HAVE_PTHREAD_SETNAME_GNU, action disable (originally disable)) failed: compile check failed:
CC: CC
flags: -D_GNU_SOURCE -lpthread
gcc  -gstrict-dwarf -O2 -fPIC -Wall -Wsign-compare -Wfloat-equal -Wpointer-arith -Wcast-align -Wall -Werror _mkltmpwSnKIw.c -o _mkltmpwSnKIw.c.o  -L/Users/carlosramos/workspace/tfm/node_modules/node-rdkafka/build/deps -D_GNU_SOURCE -lpthread:
_mkltmpwSnKIw.c:5:38: error: too many arguments to function call, expected 1, have 2
  pthread_setname_np(pthread_self(), "abc");
  ~~~~~~~~~~~~~~~~~~                 ^~~~~
/Library/Developer/CommandLineTools/SDKs/MacOSX10.14.sdk/usr/include/pthread.h:512:1: note: 'pthread_setname_np' declared here
__API_AVAILABLE(macos(10.6), ios(3.2))
^
/Library/Developer/CommandLineTools/SDKs/MacOSX10.14.sdk/usr/include/Availability.h:443:144: note: expanded from macro '__API_AVAILABLE'
    #define __API_AVAILABLE(...) __API_AVAILABLE_GET_MACRO(__VA_ARGS__,__API_AVAILABLE6, __API_AVAILABLE5, __API_AVAILABLE4, __API_AVAILABLE3, __API_AVAILABLE2, __API_AVAILABLE1, 0)(__VA_ARGS__)
                                                                                                                                               ^
1 error generated.
source: 
#include <pthread.h>

void foo (void) {
  pthread_setname_np(pthread_self(), "abc");
}

